<?xml version="1.0" encoding="UTF-8"?>
<testsuite name="prueba.AppTest" tests="1" skipped="0" failures="0" errors="0" timestamp="2023-12-19T10:08:18" hostname="AHKAHFRIN" time="0.001">
  <properties/>
  <testcase name="appHasAGreeting" classname="prueba.AppTest" time="0.001"/>
  <system-out><![CDATA[]]></system-out>
  <system-err><![CDATA[]]></system-err>
</testsuite>
